<?xml version="1.0" encoding="UTF-8"?>
<testng-results skipped="0" failed="1" ignored="0" total="2" passed="1">
  <reporter-output>
  </reporter-output>
  <suite name="Default suite" duration-ms="35873" started-at="2020-08-02T11:41:03 CDT" finished-at="2020-08-02T11:41:39 CDT">
    <groups>
    </groups>
    <test name="Default test" duration-ms="35873" started-at="2020-08-02T11:41:03 CDT" finished-at="2020-08-02T11:41:39 CDT">
      <class name="Test.dashboard_test">
        <test-method status="PASS" signature="browse()[pri:0, instance:Test.dashboard_test@101952da]" name="browse" is-config="true" duration-ms="9219" started-at="2020-08-02T11:41:03 CDT" finished-at="2020-08-02T11:41:13 CDT">
          <reporter-output>
          </reporter-output>
        </test-method> <!-- browse -->
        <test-method status="PASS" signature="login(java.lang.String, java.lang.String)[pri:0, instance:Test.dashboard_test@101952da]" name="login" duration-ms="4983" started-at="2020-08-02T11:41:13 CDT" data-provider="opensorce" finished-at="2020-08-02T11:41:18 CDT">
          <params>
            <param index="0">
              <value>
                <![CDATA[opensourcecms]]>
              </value>
            </param>
            <param index="1">
              <value>
                <![CDATA[opensourcecms]]>
              </value>
            </param>
          </params>
          <reporter-output>
          </reporter-output>
        </test-method> <!-- login -->
        <test-method status="FAIL" signature="addcontact(java.lang.String, java.lang.String, java.lang.String, java.lang.String, java.lang.String)[pri:0, instance:Test.dashboard_test@101952da]" name="addcontact" duration-ms="21587" started-at="2020-08-02T11:41:18 CDT" data-provider="openSourceAddUser" depends-on-methods="Test.dashboard_test.login" finished-at="2020-08-02T11:41:39 CDT">
          <params>
            <param index="0">
              <value>
                <![CDATA[jyoti]]>
              </value>
            </param>
            <param index="1">
              <value>
                <![CDATA[jp@gmail.com]]>
              </value>
            </param>
            <param index="2">
              <value>
                <![CDATA[jp]]>
              </value>
            </param>
            <param index="3">
              <value>
                <![CDATA[pan]]>
              </value>
            </param>
            <param index="4">
              <value>
                <![CDATA[tschfios.com]]>
              </value>
            </param>
          </params>
          <exception class="java.lang.NullPointerException">
            <full-stacktrace>
              <![CDATA[java.lang.NullPointerException
at page.DashboardPage.rolemodel(DashboardPage.java:50)
at Test.dashboard_test.addcontact(dashboard_test.java:74)
at sun.reflect.NativeMethodAccessorImpl.invoke0(Native Method)
at sun.reflect.NativeMethodAccessorImpl.invoke(NativeMethodAccessorImpl.java:62)
at sun.reflect.DelegatingMethodAccessorImpl.invoke(DelegatingMethodAccessorImpl.java:43)
at java.lang.reflect.Method.invoke(Method.java:498)
at org.testng.internal.MethodInvocationHelper.invokeMethod(MethodInvocationHelper.java:135)
at org.testng.internal.TestInvoker.invokeMethod(TestInvoker.java:598)
at org.testng.internal.TestInvoker.invokeTestMethod(TestInvoker.java:174)
at org.testng.internal.MethodRunner.runInSequence(MethodRunner.java:46)
at org.testng.internal.TestInvoker$MethodInvocationAgent.invoke(TestInvoker.java:821)
at org.testng.internal.TestInvoker.invokeTestMethods(TestInvoker.java:147)
at org.testng.internal.TestMethodWorker.invokeTestMethods(TestMethodWorker.java:146)
at org.testng.internal.TestMethodWorker.run(TestMethodWorker.java:128)
at java.util.ArrayList.forEach(ArrayList.java:1249)
at org.testng.TestRunner.privateRun(TestRunner.java:767)
at org.testng.TestRunner.run(TestRunner.java:588)
at org.testng.SuiteRunner.runTest(SuiteRunner.java:384)
at org.testng.SuiteRunner.runSequentially(SuiteRunner.java:378)
at org.testng.SuiteRunner.privateRun(SuiteRunner.java:337)
at org.testng.SuiteRunner.run(SuiteRunner.java:286)
at org.testng.SuiteRunnerWorker.runSuite(SuiteRunnerWorker.java:53)
at org.testng.SuiteRunnerWorker.run(SuiteRunnerWorker.java:96)
at org.testng.TestNG.runSuitesSequentially(TestNG.java:1214)
at org.testng.TestNG.runSuitesLocally(TestNG.java:1136)
at org.testng.TestNG.runSuites(TestNG.java:1066)
at org.testng.TestNG.run(TestNG.java:1034)
at org.testng.remote.AbstractRemoteTestNG.run(AbstractRemoteTestNG.java:115)
at org.testng.remote.RemoteTestNG.initAndRun(RemoteTestNG.java:251)
at org.testng.remote.RemoteTestNG.main(RemoteTestNG.java:77)
]]>
            </full-stacktrace>
          </exception> <!-- java.lang.NullPointerException -->
          <reporter-output>
          </reporter-output>
        </test-method> <!-- addcontact -->
      </class> <!-- Test.dashboard_test -->
    </test> <!-- Default test -->
  </suite> <!-- Default suite -->
</testng-results>
